============================= test session starts ==============================
platform linux -- Python 3.12.3, pytest-8.4.2, pluggy-1.6.0 -- /mnt/c/Users/kenny/sandbox/NeuroHub/venv_linux/bin/python3
cachedir: .pytest_cache
rootdir: /mnt/c/Users/kenny/sandbox/NeuroHub
configfile: pyproject.toml
plugins: Faker-37.12.0, cov-7.0.0, mock-3.15.1, requests-mock-1.12.1
collecting ... collected 17 items

tests/test_provider_response.py::TestProviderResponse::test_gemini_response PASSED [  5%]
tests/test_provider_response.py::TestProviderResponse::test_huggingface_response SKIPPED [ 11%]
tests/test_provider_response.py::TestProviderResponse::test_ollama_response PASSED [ 17%]
tests/test_provider_response.py::TestProviderComparison::test_all_providers_comparison PASSED [ 23%]
tests/test_mcp_basic_flow.py::TestMCPBasicFlow::test_mcp_modules_import PASSED [ 29%]
tests/test_mcp_basic_flow.py::TestMCPBasicFlow::test_spec_normalizer_basic PASSED [ 35%]
tests/test_mcp_basic_flow.py::TestMCPBasicFlow::test_command_validator_basic PASSED [ 41%]
tests/test_mcp_basic_flow.py::TestMCPBasicFlow::test_project_designer_basic PASSED [ 47%]
tests/test_mcp_basic_flow.py::TestMCPDatabaseIntegration::test_mcp_enhanced_import PASSED [ 52%]
tests/test_mcp_basic_flow.py::TestMCPDatabaseIntegration::test_llm_investigator_import PASSED [ 58%]
tests/test_mcp_basic_flow.py::TestMCPAgentIntegration::test_mcp_agent_import PASSED [ 64%]
tests/test_mcp_basic_flow.py::TestMCPAgentIntegration::test_mcp_agent_modes PASSED [ 70%]
tests/test_vc_transcription.py::test_plugin_import PASSED                [ 76%]
tests/test_vc_transcription.py::test_plugin_attributes PASSED            [ 82%]
tests/test_vc_transcription.py::test_log_directory_creation PASSED       [ 88%]
tests/test_vc_transcription.py::test_whisper_availability PASSED         [ 94%]
tests/test_vc_transcription.py::test_basic_functionality PASSED          [100%]/mnt/c/Users/kenny/sandbox/NeuroHub/venv_linux/lib/python3.12/site-packages/coverage/report_core.py:107: CoverageWarning: Couldn't parse Python file '/mnt/c/Users/kenny/sandbox/NeuroHub/tools/switch_ollama.py' (couldnt-parse); see https://coverage.readthedocs.io/en/7.11.0/messages.html#warning-couldnt-parse
  coverage._warn(msg, slug="couldnt-parse")
/mnt/c/Users/kenny/sandbox/NeuroHub/venv_linux/lib/python3.12/site-packages/coverage/report_core.py:107: CoverageWarning: Couldn't parse Python file '/mnt/c/Users/kenny/sandbox/NeuroHub/tools/switch_provider.py' (couldnt-parse); see https://coverage.readthedocs.io/en/7.11.0/messages.html#warning-couldnt-parse
  coverage._warn(msg, slug="couldnt-parse")

ERROR: Coverage failure: total of 11 is less than fail-under=40


================================ tests coverage ================================
_______________ coverage: platform linux, python 3.12.3-final-0 ________________

Name                                           Stmts   Miss  Cover   Missing
----------------------------------------------------------------------------
agents/__init__.py                                 8      0   100%
agents/agent_command.py                          317    262    17%   83-96, 100-118, 124-158, 163-235, 240-267, 272-300, 305-335, 340-366, 370-374, 378-387, 391-400, 404-417, 421-444, 449-464, 469-471, 487-563, 567-589, 594-647
agents/agent_config.py                           186    145    22%   53-66, 70-83, 87-101, 106-165, 170-202, 206-254, 260-312, 316-367, 371-388, 393-434
agents/agent_db.py                               197    147    25%   37, 144, 166-178, 195-234, 246-254, 272-285, 299-323, 341-354, 366-385, 398-415, 427-441, 447-532
agents/agent_git.py                              174    143    18%   45-61, 65-96, 101-125, 135-148, 152-169, 178-214, 218-238, 242-254, 259-290, 300-325
agents/agent_llm.py                              343    279    19%   96, 108-117, 122-174, 179-207, 213-319, 324-374, 392-554, 692-722, 726-746, 750-753, 762-763, 768-834, 853-873
agents/agent_mcp.py                              288    231    20%   106-125, 144-188, 211-322, 345-407, 426-450, 469-510, 523-539, 543-569, 573-596, 604-614, 623-641, 650-668, 673-767
agents/common.py                                 103     49    52%   98-99, 111-113, 122-123, 135-145, 177-195, 210-221, 246-269
agents/specialized/__init__.py                     3      3     0%   9-12
agents/specialized/weather_agent.py              175    175     0%   10-365
agents/specialized/web_agent.py                  140    140     0%   3-259
services/__init__.py                               2      0   100%
services/ai/__init__.py                            3      0   100%
services/ai/llm_common.py                        400    310    22%   34-37, 42-45, 53-62, 77-91, 96-97, 102-103, 109, 113-115, 154, 159, 163-188, 198-241, 252-296, 308-315, 324-329, 333-346, 391-392, 403-441, 451-464, 471-494, 512-525, 540-565, 581-608, 622-660, 675-689, 704-710, 746-769, 784-831
services/ai/modelfile_generator.py               109    109     0%   5-319
services/ai/provider_gemini.py                   141     85    40%   13-14, 20-22, 41-59, 63-64, 72-86, 93-99, 106-109, 112, 122-123, 125, 134-135, 138-172
services/ai/provider_huggingface.py              134    107    20%   13-14, 20-22, 35, 38, 41, 44-57, 60-88, 91-134, 137-171
services/ai/provider_ollama.py                   321    196    39%   48-50, 93-105, 109-113, 117-150, 166-182, 191-221, 229, 243-250, 259, 263, 267-286, 302, 316-317, 320-328, 332-340, 351-354, 362-379, 392-393, 411-431, 440-447, 474-476, 494, 506-508, 512-525, 538-585, 589-601, 612-613
services/common/__init__.py                        3      3     0%   3-6
services/common/system_info.py                   158    158     0%   16-415
services/common/venv_manager.py                  158    158     0%   15-339
services/db/__init__.py                            0      0   100%
services/db/database_manager.py                  268    225    16%   43-46, 50-60, 77-83, 87-94, 98-104, 108-129, 133-139, 156-169, 185-216, 231-258, 271-293, 312-330, 334-350, 366-382, 391-402, 411-422, 426-432, 440-465, 469, 482-497, 501-504, 508, 512, 521
services/db/db_initializer.py                    120    120     0%   8-255
services/db/knowledge_manager.py                 193    164    15%   33, 38, 58-95, 107-117, 140-161, 174-187, 199-205, 217-227, 246-267, 285-302, 318-346, 359-370, 382-411, 424-455, 468-501, 516
services/db/llm_history_manager.py               126     95    25%   49-66, 84-107, 120-133, 143-175, 188-213, 224-243, 254-266, 271-290, 296-310, 315-330
services/db/llm_history_schema.py                  3      0   100%
services/db/sqlite_craud.py                      192    126    34%   71-84, 95-104, 108-119, 122-137, 141-145, 156-164, 169-179, 183-187, 191-195, 198-203, 207-215, 218-222, 225-229, 232-240, 244-245, 248-249, 252-255, 259-260, 263-264
services/db/sqlite_tool.py                       206    206     0%   4-289
services/db/user_manager.py                      124    124     0%   7-219
services/discord/__init__.py                       5      0   100%
services/discord/anti_spam.py                    132    106    20%   38-64, 76-136, 140-149, 153-165, 169-170, 175-180, 184-194, 198-207, 211-232, 236-243, 247-254, 258-259, 263-264, 268-269, 273-274, 278-279, 283
services/discord/bot_core.py                     220    183    17%   32, 63-96, 100-150, 154-159, 163-242, 246-282, 286-301, 305-315, 319-337, 341-368, 372-374, 378-380, 384-405, 409, 413, 417-418, 429-442, 452-466
services/discord/plugin_manager.py               136    103    24%   37, 41, 45, 49, 64-73, 85-135, 147-170, 182-191, 200-214, 223-231, 235-242, 246-253, 257, 261, 265-269, 279
services/discord/plugins/vc_transcription.py     185    134    28%   26, 33, 40, 67-72, 77-78, 93-134, 146-168, 177-193, 206-221, 225-252, 256-284, 288-312, 316-335, 346-378, 383
services/discord/voice_manager.py                136    116    15%   36-54, 66-88, 100-119, 132-152, 165-182, 196-207, 221-253, 265-272, 284-288, 292, 296-298, 311-319
services/mcp/__init__.py                           4      0   100%
services/mcp/advanced_project_validator.py       279    279     0%   11-1173
services/mcp/ai_prj_coding.py                    182    182     0%   11-276
services/mcp/auto_debugger.py                    341    341     0%   8-765
services/mcp/auto_project_generator.py           460    460     0%   8-2107
services/mcp/background_llm_support.py           415    415     0%   8-1107
services/mcp/cmd_exec.py                         233    233     0%   19-414
services/mcp/command_validator.py                 54     42    22%   89-112, 124-129, 133, 137-151, 163-181
services/mcp/core.py                              82     82     0%   13-145
services/mcp/llm_investigator.py                 187    143    24%   27, 110-172, 176-233, 237-270, 275-309, 317-380, 389-433, 438-459, 464-498, 504-557
services/mcp/mcp_enhanced.py                     213    145    32%   28, 47-48, 60-61, 128-188, 198, 215-221, 231-244, 253-258, 266-270, 277-283, 291-304, 319-358, 362, 369-381, 391, 401-409, 417-427, 435-454, 465-486, 490-498, 502-522, 527-560, 568-579, 583-592, 598-625
services/mcp/natureremo_agent.py                 236    236     0%   12-462
services/mcp/project_designer.py                  54     40    26%   97-136, 140-186, 190-204, 208-215, 219-222, 226-238
services/mcp/prompt_optimizer.py                 112    112     0%   8-308
services/mcp/spec_normalizer.py                   66     50    24%   71-80, 84-97, 102, 106-126, 130-131, 135-147, 157-174, 187-195, 199
services/mcp/utils.py                            178    178     0%   7-245
services/mcp/weak_llm_integrated_test.py         212    212     0%   8-738
services/mcp/weak_llm_support.py                 323    323     0%   8-874
tools/__init__.py                                  0      0   100%
tools/agent_cli.py                                68     68     0%   4-102
tools/cleanup_project.py                         180    180     0%   13-382
tools/generate_html_docs.py                       80     80     0%   9-492
tools/git_helper.py                               39     39     0%   5-66
tools/init_mcp_hints.py                           48     48     0%   7-363
tools/mcp_monitor_system.py                      216    216     0%   8-434
tools/mcp_status.py                              118    118     0%   7-202
tools/ollama_manager.py                          103    103     0%   7-182
tools/ollama_setup.py                            214    214     0%   17-467
tools/project_organizer.py                       200    200     0%   11-414
tools/run_discord_bot.py                          31     31     0%   9-61
tools/voice_ai_demo.py                            52     52     0%   7-124
tools/web_search_tool.py                         167    167     0%   8-302
tools/websearch_cli.py                           217    217     0%   21-331
----------------------------------------------------------------------------
TOTAL                                          10773   9608    11%
Coverage HTML written to dir htmlcov
Coverage XML written to file coverage.xml
FAIL Required test coverage of 40% not reached. Total coverage: 10.81%
======================== 16 passed, 1 skipped in 22.97s ========================
